Arguments: 
  C:\Program Files\nodejs\node.exe C:\Program Files (x86)\Yarn\bin\yarn.js start

PATH: 
  C:\Ruby23-x64\bin;C:\Program Files (x86)\NVIDIA Corporation\PhysX\Common;C:\Program Files (x86)\AMD APP\bin\x86_64;C:\Program Files (x86)\AMD APP\bin\x86;C:\Windows\system32;C:\Windows;C:\Windows\System32\Wbem;C:\Windows\System32\WindowsPowerShell\v1.0\;C:\Program Files (x86)\ATI Technologies\ATI.ACE\Core-Static;C:\Program Files\TortoiseGit\bin;C:\OpenServer\modules\php\PHP-5.6-x64;C:\ProgramData\ComposerSetup\bin;C:\Program Files\Git\cmd;C:\Program Files\Heroku\bin;C:\Program Files (x86)\Yarn\bin;C:\Program Files\nodejs\;C:\Program Files\Heroku\bin;C:\Users\wnetking\AppData\Roaming\Composer\vendor\bin;C:\Users\wnetking\AppData\Local\Yarn\bin;C:\Users\wnetking\AppData\Local\atom\bin;C:\Program Files\Microsoft VS Code\bin;C:\Users\wnetking\AppData\Roaming\npm

Yarn version: 
  0.27.5

Node version: 
  8.9.2

Platform: 
  win32 x64

npm manifest: 
  {
    "name": "localhost",
    "version": "0.0.1",
    "private": true,
    "devDependencies": {
      "preact-scripts": "0.3.0-alpha",
      "react-test-renderer": "^15.3.0"
    },
    "dependencies": {
      "preact": "^5.6.0"
    },
    "scripts": {
      "start": "preact-scripts start",
      "build": "preact-scripts build",
      "eject": "preact-scripts eject",
      "test": "preact-scripts test"yarn
    },
    "eslintConfig": {
      "extends": "./node_modules/preact-scripts/config/eslint.js"
    }
  }

yarn manifest: 
  No manifest

Lockfile: 
  No lockfile

Trace: 
  SyntaxError: D:\nodejs\localhost\package.json: Unexpected token y in JSON at position 375
      at JSON.parse (<anonymous>)
      at C:\Program Files (x86)\Yarn\lib\yarn-cli.js:747:57
      at Generator.next (<anonymous>)
      at step (C:\Program Files (x86)\Yarn\lib\yarn-cli.js:91:30)
      at C:\Program Files (x86)\Yarn\lib\yarn-cli.js:102:13
      at <anonymous>
